<fileupload size="16449584">
  <file name="jaypeegreens.zip" tmpfile="/home/actiknowdemo/tmp/Cpanel_Form_file.upload.QdrCpPUx">
    <progress bytes="605155" bps="278835.07"></progress>
    <progress bytes="867299" bps="273539.38"></progress>
    <progress bytes="1129443" bps="1162929.15"></progress>
    <progress bytes="2178019" bps="1154626.10"></progress>
    <progress bytes="3226595" bps="392473.29"></progress>
    <progress bytes="3488739" bps="1613432.14"></progress>
    <progress bytes="4537315" bps="1164475.04"></progress>
    <progress bytes="5585891" bps="1167471.27"></progress>
    <progress bytes="6634467" bps="1157620.37"></progress>
    <progress bytes="7683043" bps="1168500.36"></progress>
    <progress bytes="8731619" bps="1167338.71"></progress>
    <progress bytes="9780195" bps="1164078.16"></progress>
    <progress bytes="10828771" bps="1166699.68"></progress>
    <progress bytes="11877347" bps="1165500.14"></progress>
    <progress bytes="12925923" bps="1164141.49"></progress>
    <progress bytes="13974499" bps="1163064.59"></progress>
    <progress bytes="15023075" bps="1165018.43"></progress>
    <progress bytes="16071651" bps="1169426.92"></progress>
    <progress bytes="16448487" bps="1173691.64"></progress>
    <progress filesize="16448485" complete="1"></progress>
  </file>
</fileupload>
